<?xml version="1.0" encoding="UTF-8"?>
<testsuite name="SimpleBankSystemTest" tests="1" skipped="0" failures="0" errors="0" timestamp="2022-08-02T19:27:21" hostname="DESKTOP-5U6L102" time="0.351">
  <properties/>
  <testcase name="start" classname="SimpleBankSystemTest" time="0.351"/>
  <system-out><![CDATA[?[1;31m
Start test 1?[0m
1. Create an account
2. Log into account
0. Exit
> 1

Your card has been created
Your card number:
4000000000000010
Your card PIN:
0356

1. Create an account
2. Log into account
0. Exit
> 1

Your card has been created
Your card number:
4000000000000020
Your card PIN:
4635

1. Create an account
2. Log into account
0. Exit
> 0

Bye!
?[1;31m
Start test 2?[0m
1. Create an account
2. Log into account
0. Exit
> 1

Your card has been created
Your card number:
4000000000000010
Your card PIN:
7352

1. Create an account
2. Log into account
0. Exit
> 2

Enter your card number:
> 4000000000000010
Enter your PIN:
> 7352

You have successfully logged in!

1. Balance
2. Log out
0. Exit
> 2

You have successfully logged out!

1. Create an account
2. Log into account
0. Exit
> 0

Bye!
?[1;31m
Start test 3?[0m
1. Create an account
2. Log into account
0. Exit
> 1

Your card has been created
Your card number:
4000000000000010
Your card PIN:
9196

1. Create an account
2. Log into account
0. Exit
> 2

Enter your card number:
> 4000000000000010
Enter your PIN:
> 2362

Wrong card number or PIN!


1. Create an account
2. Log into account
0. Exit
> 0

Bye!
?[1;31m
Start test 4?[0m
1. Create an account
2. Log into account
0. Exit
> 1

Your card has been created
Your card number:
4000000000000010
Your card PIN:
6452

1. Create an account
2. Log into account
0. Exit
> 2

Enter your card number:
> 400000682396699
Enter your PIN:
> 6452

Wrong card number or PIN!


1. Create an account
2. Log into account
0. Exit
?[1;31m
Start test 5?[0m
1. Create an account
2. Log into account
0. Exit
> 1

Your card has been created
Your card number:
4000000000000010
Your card PIN:
1959

1. Create an account
2. Log into account
0. Exit
> 2

Enter your card number:
> 4000000000000010
Enter your PIN:
> 1959

You have successfully logged in!

1. Balance
2. Log out
0. Exit
> 1

Balance: 0

1. Balance
2. Log out
0. Exit
> 0

Bye!
]]></system-out>
  <system-err><![CDATA[]]></system-err>
</testsuite>
